[2022-03-12 20:37:37,809] INFO Reading configuration from: .\config\zookeeper.properties (org.apache.zookeeper.server.quorum.QuorumPeerConfig)
[2022-03-12 20:37:37,816] WARN C:Chapter12datazookeeper_1 is relative. Prepend .\ to indicate that you're sure! (org.apache.zookeeper.server.quorum.QuorumPeerConfig)
[2022-03-12 20:37:37,825] INFO clientPortAddress is 0.0.0.0:2181 (org.apache.zookeeper.server.quorum.QuorumPeerConfig)
[2022-03-12 20:37:37,825] INFO secureClientPort is not set (org.apache.zookeeper.server.quorum.QuorumPeerConfig)
[2022-03-12 20:37:37,825] INFO observerMasterPort is not set (org.apache.zookeeper.server.quorum.QuorumPeerConfig)
[2022-03-12 20:37:37,826] INFO metricsProvider.className is org.apache.zookeeper.metrics.impl.DefaultMetricsProvider (org.apache.zookeeper.server.quorum.QuorumPeerConfig)
[2022-03-12 20:37:37,834] ERROR Invalid config, exiting abnormally (org.apache.zookeeper.server.quorum.QuorumPeerMain)
org.apache.zookeeper.server.quorum.QuorumPeerConfig$ConfigException: Error processing .\config\zookeeper.properties
	at org.apache.zookeeper.server.quorum.QuorumPeerConfig.parse(QuorumPeerConfig.java:198)
	at org.apache.zookeeper.server.quorum.QuorumPeerMain.initializeAndRun(QuorumPeerMain.java:124)
	at org.apache.zookeeper.server.quorum.QuorumPeerMain.main(QuorumPeerMain.java:90)
Caused by: java.lang.IllegalArgumentException: myid file is missing
	at org.apache.zookeeper.server.quorum.QuorumPeerConfig.checkValidity(QuorumPeerConfig.java:812)
	at org.apache.zookeeper.server.quorum.QuorumPeerConfig.setupQuorumPeerConfig(QuorumPeerConfig.java:683)
	at org.apache.zookeeper.server.quorum.QuorumPeerConfig.parseProperties(QuorumPeerConfig.java:507)
	at org.apache.zookeeper.server.quorum.QuorumPeerConfig.parse(QuorumPeerConfig.java:194)
	... 2 more
[2022-03-12 20:37:37,840] INFO ZooKeeper audit is disabled. (org.apache.zookeeper.audit.ZKAuditProvider)
[2022-03-12 20:37:37,844] ERROR Exiting JVM with code 2 (org.apache.zookeeper.util.ServiceUtils)
[2022-03-12 20:43:18,983] INFO Reading configuration from: .\config\zookeeper.properties (org.apache.zookeeper.server.quorum.QuorumPeerConfig)
[2022-03-12 20:43:18,987] WARN C:Chapter12datazookeeper_1 is relative. Prepend .\ to indicate that you're sure! (org.apache.zookeeper.server.quorum.QuorumPeerConfig)
[2022-03-12 20:43:18,996] INFO clientPortAddress is 0.0.0.0:2181 (org.apache.zookeeper.server.quorum.QuorumPeerConfig)
[2022-03-12 20:43:18,996] INFO secureClientPort is not set (org.apache.zookeeper.server.quorum.QuorumPeerConfig)
[2022-03-12 20:43:18,997] INFO observerMasterPort is not set (org.apache.zookeeper.server.quorum.QuorumPeerConfig)
[2022-03-12 20:43:18,997] INFO metricsProvider.className is org.apache.zookeeper.metrics.impl.DefaultMetricsProvider (org.apache.zookeeper.server.quorum.QuorumPeerConfig)
[2022-03-12 20:43:19,009] ERROR Invalid config, exiting abnormally (org.apache.zookeeper.server.quorum.QuorumPeerMain)
org.apache.zookeeper.server.quorum.QuorumPeerConfig$ConfigException: Error processing .\config\zookeeper.properties
	at org.apache.zookeeper.server.quorum.QuorumPeerConfig.parse(QuorumPeerConfig.java:198)
	at org.apache.zookeeper.server.quorum.QuorumPeerMain.initializeAndRun(QuorumPeerMain.java:124)
	at org.apache.zookeeper.server.quorum.QuorumPeerMain.main(QuorumPeerMain.java:90)
Caused by: java.lang.IllegalArgumentException: myid file is missing
	at org.apache.zookeeper.server.quorum.QuorumPeerConfig.checkValidity(QuorumPeerConfig.java:812)
	at org.apache.zookeeper.server.quorum.QuorumPeerConfig.setupQuorumPeerConfig(QuorumPeerConfig.java:683)
	at org.apache.zookeeper.server.quorum.QuorumPeerConfig.parseProperties(QuorumPeerConfig.java:507)
	at org.apache.zookeeper.server.quorum.QuorumPeerConfig.parse(QuorumPeerConfig.java:194)
	... 2 more
[2022-03-12 20:43:19,015] INFO ZooKeeper audit is disabled. (org.apache.zookeeper.audit.ZKAuditProvider)
[2022-03-12 20:43:19,017] ERROR Exiting JVM with code 2 (org.apache.zookeeper.util.ServiceUtils)
[2022-03-12 20:48:00,442] INFO Reading configuration from: .\config\zookeeper.properties (org.apache.zookeeper.server.quorum.QuorumPeerConfig)
[2022-03-12 20:48:00,447] WARN C:Chapter12datazookeeper_1myid is relative. Prepend .\ to indicate that you're sure! (org.apache.zookeeper.server.quorum.QuorumPeerConfig)
[2022-03-12 20:48:00,456] INFO clientPortAddress is 0.0.0.0:2181 (org.apache.zookeeper.server.quorum.QuorumPeerConfig)
[2022-03-12 20:48:00,456] INFO secureClientPort is not set (org.apache.zookeeper.server.quorum.QuorumPeerConfig)
[2022-03-12 20:48:00,457] INFO observerMasterPort is not set (org.apache.zookeeper.server.quorum.QuorumPeerConfig)
[2022-03-12 20:48:00,458] INFO metricsProvider.className is org.apache.zookeeper.metrics.impl.DefaultMetricsProvider (org.apache.zookeeper.server.quorum.QuorumPeerConfig)
[2022-03-12 20:48:00,465] ERROR Invalid config, exiting abnormally (org.apache.zookeeper.server.quorum.QuorumPeerMain)
org.apache.zookeeper.server.quorum.QuorumPeerConfig$ConfigException: Error processing .\config\zookeeper.properties
	at org.apache.zookeeper.server.quorum.QuorumPeerConfig.parse(QuorumPeerConfig.java:198)
	at org.apache.zookeeper.server.quorum.QuorumPeerMain.initializeAndRun(QuorumPeerMain.java:124)
	at org.apache.zookeeper.server.quorum.QuorumPeerMain.main(QuorumPeerMain.java:90)
Caused by: java.lang.IllegalArgumentException: myid file is missing
	at org.apache.zookeeper.server.quorum.QuorumPeerConfig.checkValidity(QuorumPeerConfig.java:812)
	at org.apache.zookeeper.server.quorum.QuorumPeerConfig.setupQuorumPeerConfig(QuorumPeerConfig.java:683)
	at org.apache.zookeeper.server.quorum.QuorumPeerConfig.parseProperties(QuorumPeerConfig.java:507)
	at org.apache.zookeeper.server.quorum.QuorumPeerConfig.parse(QuorumPeerConfig.java:194)
	... 2 more
[2022-03-12 20:48:00,471] INFO ZooKeeper audit is disabled. (org.apache.zookeeper.audit.ZKAuditProvider)
[2022-03-12 20:48:00,474] ERROR Exiting JVM with code 2 (org.apache.zookeeper.util.ServiceUtils)
[2022-03-12 20:49:12,410] INFO Reading configuration from: .\config\zookeeper.properties (org.apache.zookeeper.server.quorum.QuorumPeerConfig)
[2022-03-12 20:49:12,415] WARN C:Chapter12datazookeeper_1# the port at which the clients will connect is relative. Prepend .\ to indicate that you're sure! (org.apache.zookeeper.server.quorum.QuorumPeerConfig)
[2022-03-12 20:49:12,426] INFO clientPortAddress is 0.0.0.0:2181 (org.apache.zookeeper.server.quorum.QuorumPeerConfig)
[2022-03-12 20:49:12,426] INFO secureClientPort is not set (org.apache.zookeeper.server.quorum.QuorumPeerConfig)
[2022-03-12 20:49:12,428] INFO observerMasterPort is not set (org.apache.zookeeper.server.quorum.QuorumPeerConfig)
[2022-03-12 20:49:12,428] INFO metricsProvider.className is org.apache.zookeeper.metrics.impl.DefaultMetricsProvider (org.apache.zookeeper.server.quorum.QuorumPeerConfig)
[2022-03-12 20:49:12,437] ERROR Invalid config, exiting abnormally (org.apache.zookeeper.server.quorum.QuorumPeerMain)
org.apache.zookeeper.server.quorum.QuorumPeerConfig$ConfigException: Error processing .\config\zookeeper.properties
	at org.apache.zookeeper.server.quorum.QuorumPeerConfig.parse(QuorumPeerConfig.java:198)
	at org.apache.zookeeper.server.quorum.QuorumPeerMain.initializeAndRun(QuorumPeerMain.java:124)
	at org.apache.zookeeper.server.quorum.QuorumPeerMain.main(QuorumPeerMain.java:90)
Caused by: java.lang.IllegalArgumentException: myid file is missing
	at org.apache.zookeeper.server.quorum.QuorumPeerConfig.checkValidity(QuorumPeerConfig.java:812)
	at org.apache.zookeeper.server.quorum.QuorumPeerConfig.setupQuorumPeerConfig(QuorumPeerConfig.java:683)
	at org.apache.zookeeper.server.quorum.QuorumPeerConfig.parseProperties(QuorumPeerConfig.java:507)
	at org.apache.zookeeper.server.quorum.QuorumPeerConfig.parse(QuorumPeerConfig.java:194)
	... 2 more
[2022-03-12 20:49:12,443] INFO ZooKeeper audit is disabled. (org.apache.zookeeper.audit.ZKAuditProvider)
[2022-03-12 20:49:12,446] ERROR Exiting JVM with code 2 (org.apache.zookeeper.util.ServiceUtils)
[2022-03-12 20:51:26,553] INFO Reading configuration from: .\config\zookeeper.properties (org.apache.zookeeper.server.quorum.QuorumPeerConfig)
[2022-03-12 20:51:26,559] WARN C:Chapter12datazookeeper_1 is relative. Prepend .\ to indicate that you're sure! (org.apache.zookeeper.server.quorum.QuorumPeerConfig)
[2022-03-12 20:51:26,570] INFO clientPortAddress is 0.0.0.0:2181 (org.apache.zookeeper.server.quorum.QuorumPeerConfig)
[2022-03-12 20:51:26,571] INFO secureClientPort is not set (org.apache.zookeeper.server.quorum.QuorumPeerConfig)
[2022-03-12 20:51:26,572] INFO observerMasterPort is not set (org.apache.zookeeper.server.quorum.QuorumPeerConfig)
[2022-03-12 20:51:26,572] INFO metricsProvider.className is org.apache.zookeeper.metrics.impl.DefaultMetricsProvider (org.apache.zookeeper.server.quorum.QuorumPeerConfig)
[2022-03-12 20:51:26,583] ERROR Invalid config, exiting abnormally (org.apache.zookeeper.server.quorum.QuorumPeerMain)
org.apache.zookeeper.server.quorum.QuorumPeerConfig$ConfigException: Error processing .\config\zookeeper.properties
	at org.apache.zookeeper.server.quorum.QuorumPeerConfig.parse(QuorumPeerConfig.java:198)
	at org.apache.zookeeper.server.quorum.QuorumPeerMain.initializeAndRun(QuorumPeerMain.java:124)
	at org.apache.zookeeper.server.quorum.QuorumPeerMain.main(QuorumPeerMain.java:90)
Caused by: java.lang.IllegalArgumentException: myid file is missing
	at org.apache.zookeeper.server.quorum.QuorumPeerConfig.checkValidity(QuorumPeerConfig.java:812)
	at org.apache.zookeeper.server.quorum.QuorumPeerConfig.setupQuorumPeerConfig(QuorumPeerConfig.java:683)
	at org.apache.zookeeper.server.quorum.QuorumPeerConfig.parseProperties(QuorumPeerConfig.java:507)
	at org.apache.zookeeper.server.quorum.QuorumPeerConfig.parse(QuorumPeerConfig.java:194)
	... 2 more
[2022-03-12 20:51:26,591] INFO ZooKeeper audit is disabled. (org.apache.zookeeper.audit.ZKAuditProvider)
[2022-03-12 20:51:26,594] ERROR Exiting JVM with code 2 (org.apache.zookeeper.util.ServiceUtils)
[2022-03-12 20:52:00,868] INFO Reading configuration from: .\config\zookeeper.properties (org.apache.zookeeper.server.quorum.QuorumPeerConfig)
[2022-03-12 20:52:00,873] WARN C:Chapter12datazookeeper_1 is relative. Prepend .\ to indicate that you're sure! (org.apache.zookeeper.server.quorum.QuorumPeerConfig)
[2022-03-12 20:52:00,882] INFO clientPortAddress is 0.0.0.0:2181 (org.apache.zookeeper.server.quorum.QuorumPeerConfig)
[2022-03-12 20:52:00,882] INFO secureClientPort is not set (org.apache.zookeeper.server.quorum.QuorumPeerConfig)
[2022-03-12 20:52:00,882] INFO observerMasterPort is not set (org.apache.zookeeper.server.quorum.QuorumPeerConfig)
[2022-03-12 20:52:00,882] INFO metricsProvider.className is org.apache.zookeeper.metrics.impl.DefaultMetricsProvider (org.apache.zookeeper.server.quorum.QuorumPeerConfig)
[2022-03-12 20:52:00,889] ERROR Invalid config, exiting abnormally (org.apache.zookeeper.server.quorum.QuorumPeerMain)
org.apache.zookeeper.server.quorum.QuorumPeerConfig$ConfigException: Error processing .\config\zookeeper.properties
	at org.apache.zookeeper.server.quorum.QuorumPeerConfig.parse(QuorumPeerConfig.java:198)
	at org.apache.zookeeper.server.quorum.QuorumPeerMain.initializeAndRun(QuorumPeerMain.java:124)
	at org.apache.zookeeper.server.quorum.QuorumPeerMain.main(QuorumPeerMain.java:90)
Caused by: java.lang.IllegalArgumentException: myid file is missing
	at org.apache.zookeeper.server.quorum.QuorumPeerConfig.checkValidity(QuorumPeerConfig.java:812)
	at org.apache.zookeeper.server.quorum.QuorumPeerConfig.setupQuorumPeerConfig(QuorumPeerConfig.java:683)
	at org.apache.zookeeper.server.quorum.QuorumPeerConfig.parseProperties(QuorumPeerConfig.java:507)
	at org.apache.zookeeper.server.quorum.QuorumPeerConfig.parse(QuorumPeerConfig.java:194)
	... 2 more
[2022-03-12 20:52:00,894] INFO ZooKeeper audit is disabled. (org.apache.zookeeper.audit.ZKAuditProvider)
[2022-03-12 20:52:00,898] ERROR Exiting JVM with code 2 (org.apache.zookeeper.util.ServiceUtils)
[2022-03-12 20:53:15,637] INFO Reading configuration from: .\config\zookeeper.properties (org.apache.zookeeper.server.quorum.QuorumPeerConfig)
[2022-03-12 20:53:15,643] WARN C:Chapter12datazookeeper_1 is relative. Prepend .\ to indicate that you're sure! (org.apache.zookeeper.server.quorum.QuorumPeerConfig)
[2022-03-12 20:53:15,653] INFO clientPortAddress is 0.0.0.0:2181 (org.apache.zookeeper.server.quorum.QuorumPeerConfig)
[2022-03-12 20:53:15,653] INFO secureClientPort is not set (org.apache.zookeeper.server.quorum.QuorumPeerConfig)
[2022-03-12 20:53:15,654] INFO observerMasterPort is not set (org.apache.zookeeper.server.quorum.QuorumPeerConfig)
[2022-03-12 20:53:15,654] INFO metricsProvider.className is org.apache.zookeeper.metrics.impl.DefaultMetricsProvider (org.apache.zookeeper.server.quorum.QuorumPeerConfig)
[2022-03-12 20:53:15,658] INFO autopurge.snapRetainCount set to 3 (org.apache.zookeeper.server.DatadirCleanupManager)
[2022-03-12 20:53:15,659] INFO autopurge.purgeInterval set to 0 (org.apache.zookeeper.server.DatadirCleanupManager)
[2022-03-12 20:53:15,659] INFO Purge task is not scheduled. (org.apache.zookeeper.server.DatadirCleanupManager)
[2022-03-12 20:53:15,660] WARN Either no config or no quorum defined in config, running in standalone mode (org.apache.zookeeper.server.quorum.QuorumPeerMain)
[2022-03-12 20:53:15,665] INFO Log4j 1.2 jmx support found and enabled. (org.apache.zookeeper.jmx.ManagedUtil)
[2022-03-12 20:53:15,683] INFO Reading configuration from: .\config\zookeeper.properties (org.apache.zookeeper.server.quorum.QuorumPeerConfig)
[2022-03-12 20:53:15,684] WARN C:Chapter12datazookeeper_1 is relative. Prepend .\ to indicate that you're sure! (org.apache.zookeeper.server.quorum.QuorumPeerConfig)
[2022-03-12 20:53:15,685] INFO clientPortAddress is 0.0.0.0:2181 (org.apache.zookeeper.server.quorum.QuorumPeerConfig)
[2022-03-12 20:53:15,685] INFO secureClientPort is not set (org.apache.zookeeper.server.quorum.QuorumPeerConfig)
[2022-03-12 20:53:15,685] INFO observerMasterPort is not set (org.apache.zookeeper.server.quorum.QuorumPeerConfig)
[2022-03-12 20:53:15,686] INFO metricsProvider.className is org.apache.zookeeper.metrics.impl.DefaultMetricsProvider (org.apache.zookeeper.server.quorum.QuorumPeerConfig)
[2022-03-12 20:53:15,687] INFO Starting server (org.apache.zookeeper.server.ZooKeeperServerMain)
[2022-03-12 20:53:15,702] INFO ServerMetrics initialized with provider org.apache.zookeeper.metrics.impl.DefaultMetricsProvider@3738449f (org.apache.zookeeper.server.ServerMetrics)
[2022-03-12 20:53:15,707] INFO zookeeper.snapshot.trust.empty : false (org.apache.zookeeper.server.persistence.FileTxnSnapLog)
[2022-03-12 20:53:15,722] INFO  (org.apache.zookeeper.server.ZooKeeperServer)
[2022-03-12 20:53:15,724] INFO   ______                  _                                           (org.apache.zookeeper.server.ZooKeeperServer)
[2022-03-12 20:53:15,724] INFO  |___  /                 | |                                          (org.apache.zookeeper.server.ZooKeeperServer)
[2022-03-12 20:53:15,725] INFO     / /    ___     ___   | | __   ___    ___   _ __     ___   _ __    (org.apache.zookeeper.server.ZooKeeperServer)
[2022-03-12 20:53:15,725] INFO    / /    / _ \   / _ \  | |/ /  / _ \  / _ \ | '_ \   / _ \ | '__| (org.apache.zookeeper.server.ZooKeeperServer)
[2022-03-12 20:53:15,726] INFO   / /__  | (_) | | (_) | |   <  |  __/ |  __/ | |_) | |  __/ | |     (org.apache.zookeeper.server.ZooKeeperServer)
[2022-03-12 20:53:15,727] INFO  /_____|  \___/   \___/  |_|\_\  \___|  \___| | .__/   \___| |_| (org.apache.zookeeper.server.ZooKeeperServer)
[2022-03-12 20:53:15,727] INFO                                               | |                      (org.apache.zookeeper.server.ZooKeeperServer)
[2022-03-12 20:53:15,728] INFO                                               |_|                      (org.apache.zookeeper.server.ZooKeeperServer)
[2022-03-12 20:53:15,728] INFO  (org.apache.zookeeper.server.ZooKeeperServer)
[2022-03-12 20:53:20,236] INFO Server environment:zookeeper.version=3.6.3--6401e4ad2087061bc6b9f80dec2d69f2e3c8660a, built on 04/08/2021 16:35 GMT (org.apache.zookeeper.server.ZooKeeperServer)
[2022-03-12 20:53:20,236] INFO Server environment:host.name=DESKTOP-LVN60EJ (org.apache.zookeeper.server.ZooKeeperServer)
[2022-03-12 20:53:20,238] INFO Server environment:java.version=11.0.12 (org.apache.zookeeper.server.ZooKeeperServer)
[2022-03-12 20:53:20,239] INFO Server environment:java.vendor=Oracle Corporation (org.apache.zookeeper.server.ZooKeeperServer)
[2022-03-12 20:53:20,240] INFO Server environment:java.home=C:\Program Files\Java\jdk-11.0.12 (org.apache.zookeeper.server.ZooKeeperServer)
[2022-03-12 20:53:20,241] INFO Server environment:java.class.path=C:\Chapter12\kafka_1\libs\activation-1.1.1.jar;C:\Chapter12\kafka_1\libs\aopalliance-repackaged-2.6.1.jar;C:\Chapter12\kafka_1\libs\argparse4j-0.7.0.jar;C:\Chapter12\kafka_1\libs\audience-annotations-0.5.0.jar;C:\Chapter12\kafka_1\libs\commons-cli-1.4.jar;C:\Chapter12\kafka_1\libs\commons-lang3-3.8.1.jar;C:\Chapter12\kafka_1\libs\connect-api-3.1.0.jar;C:\Chapter12\kafka_1\libs\connect-basic-auth-extension-3.1.0.jar;C:\Chapter12\kafka_1\libs\connect-file-3.1.0.jar;C:\Chapter12\kafka_1\libs\connect-json-3.1.0.jar;C:\Chapter12\kafka_1\libs\connect-mirror-3.1.0.jar;C:\Chapter12\kafka_1\libs\connect-mirror-client-3.1.0.jar;C:\Chapter12\kafka_1\libs\connect-runtime-3.1.0.jar;C:\Chapter12\kafka_1\libs\connect-transforms-3.1.0.jar;C:\Chapter12\kafka_1\libs\hk2-api-2.6.1.jar;C:\Chapter12\kafka_1\libs\hk2-locator-2.6.1.jar;C:\Chapter12\kafka_1\libs\hk2-utils-2.6.1.jar;C:\Chapter12\kafka_1\libs\jackson-annotations-2.12.3.jar;C:\Chapter12\kafka_1\libs\jackson-core-2.12.3.jar;C:\Chapter12\kafka_1\libs\jackson-databind-2.12.3.jar;C:\Chapter12\kafka_1\libs\jackson-dataformat-csv-2.12.3.jar;C:\Chapter12\kafka_1\libs\jackson-datatype-jdk8-2.12.3.jar;C:\Chapter12\kafka_1\libs\jackson-jaxrs-base-2.12.3.jar;C:\Chapter12\kafka_1\libs\jackson-jaxrs-json-provider-2.12.3.jar;C:\Chapter12\kafka_1\libs\jackson-module-jaxb-annotations-2.12.3.jar;C:\Chapter12\kafka_1\libs\jackson-module-scala_2.12-2.12.3.jar;C:\Chapter12\kafka_1\libs\jakarta.activation-api-1.2.1.jar;C:\Chapter12\kafka_1\libs\jakarta.annotation-api-1.3.5.jar;C:\Chapter12\kafka_1\libs\jakarta.inject-2.6.1.jar;C:\Chapter12\kafka_1\libs\jakarta.validation-api-2.0.2.jar;C:\Chapter12\kafka_1\libs\jakarta.ws.rs-api-2.1.6.jar;C:\Chapter12\kafka_1\libs\jakarta.xml.bind-api-2.3.2.jar;C:\Chapter12\kafka_1\libs\javassist-3.27.0-GA.jar;C:\Chapter12\kafka_1\libs\javax.servlet-api-3.1.0.jar;C:\Chapter12\kafka_1\libs\javax.ws.rs-api-2.1.1.jar;C:\Chapter12\kafka_1\libs\jaxb-api-2.3.0.jar;C:\Chapter12\kafka_1\libs\jersey-client-2.34.jar;C:\Chapter12\kafka_1\libs\jersey-common-2.34.jar;C:\Chapter12\kafka_1\libs\jersey-container-servlet-2.34.jar;C:\Chapter12\kafka_1\libs\jersey-container-servlet-core-2.34.jar;C:\Chapter12\kafka_1\libs\jersey-hk2-2.34.jar;C:\Chapter12\kafka_1\libs\jersey-server-2.34.jar;C:\Chapter12\kafka_1\libs\jetty-client-9.4.43.v20210629.jar;C:\Chapter12\kafka_1\libs\jetty-continuation-9.4.43.v20210629.jar;C:\Chapter12\kafka_1\libs\jetty-http-9.4.43.v20210629.jar;C:\Chapter12\kafka_1\libs\jetty-io-9.4.43.v20210629.jar;C:\Chapter12\kafka_1\libs\jetty-security-9.4.43.v20210629.jar;C:\Chapter12\kafka_1\libs\jetty-server-9.4.43.v20210629.jar;C:\Chapter12\kafka_1\libs\jetty-servlet-9.4.43.v20210629.jar;C:\Chapter12\kafka_1\libs\jetty-servlets-9.4.43.v20210629.jar;C:\Chapter12\kafka_1\libs\jetty-util-9.4.43.v20210629.jar;C:\Chapter12\kafka_1\libs\jetty-util-ajax-9.4.43.v20210629.jar;C:\Chapter12\kafka_1\libs\jline-3.12.1.jar;C:\Chapter12\kafka_1\libs\jopt-simple-5.0.4.jar;C:\Chapter12\kafka_1\libs\jose4j-0.7.8.jar;C:\Chapter12\kafka_1\libs\kafka-clients-3.1.0.jar;C:\Chapter12\kafka_1\libs\kafka-log4j-appender-3.1.0.jar;C:\Chapter12\kafka_1\libs\kafka-metadata-3.1.0.jar;C:\Chapter12\kafka_1\libs\kafka-raft-3.1.0.jar;C:\Chapter12\kafka_1\libs\kafka-server-common-3.1.0.jar;C:\Chapter12\kafka_1\libs\kafka-shell-3.1.0.jar;C:\Chapter12\kafka_1\libs\kafka-storage-3.1.0.jar;C:\Chapter12\kafka_1\libs\kafka-storage-api-3.1.0.jar;C:\Chapter12\kafka_1\libs\kafka-streams-3.1.0.jar;C:\Chapter12\kafka_1\libs\kafka-streams-examples-3.1.0.jar;C:\Chapter12\kafka_1\libs\kafka-streams-scala_2.12-3.1.0.jar;C:\Chapter12\kafka_1\libs\kafka-streams-test-utils-3.1.0.jar;C:\Chapter12\kafka_1\libs\kafka-tools-3.1.0.jar;C:\Chapter12\kafka_1\libs\kafka_2.12-3.1.0.jar;C:\Chapter12\kafka_1\libs\log4j-1.2.17.jar;C:\Chapter12\kafka_1\libs\lz4-java-1.8.0.jar;C:\Chapter12\kafka_1\libs\maven-artifact-3.8.1.jar;C:\Chapter12\kafka_1\libs\metrics-core-2.2.0.jar;C:\Chapter12\kafka_1\libs\metrics-core-4.1.12.1.jar;C:\Chapter12\kafka_1\libs\netty-buffer-4.1.68.Final.jar;C:\Chapter12\kafka_1\libs\netty-codec-4.1.68.Final.jar;C:\Chapter12\kafka_1\libs\netty-common-4.1.68.Final.jar;C:\Chapter12\kafka_1\libs\netty-handler-4.1.68.Final.jar;C:\Chapter12\kafka_1\libs\netty-resolver-4.1.68.Final.jar;C:\Chapter12\kafka_1\libs\netty-transport-4.1.68.Final.jar;C:\Chapter12\kafka_1\libs\netty-transport-native-epoll-4.1.68.Final.jar;C:\Chapter12\kafka_1\libs\netty-transport-native-unix-common-4.1.68.Final.jar;C:\Chapter12\kafka_1\libs\osgi-resource-locator-1.0.3.jar;C:\Chapter12\kafka_1\libs\paranamer-2.8.jar;C:\Chapter12\kafka_1\libs\plexus-utils-3.2.1.jar;C:\Chapter12\kafka_1\libs\reflections-0.9.12.jar;C:\Chapter12\kafka_1\libs\rocksdbjni-6.22.1.1.jar;C:\Chapter12\kafka_1\libs\scala-collection-compat_2.12-2.4.4.jar;C:\Chapter12\kafka_1\libs\scala-java8-compat_2.12-1.0.0.jar;C:\Chapter12\kafka_1\libs\scala-library-2.12.14.jar;C:\Chapter12\kafka_1\libs\scala-logging_2.12-3.9.3.jar;C:\Chapter12\kafka_1\libs\scala-reflect-2.12.14.jar;C:\Chapter12\kafka_1\libs\slf4j-api-1.7.30.jar;C:\Chapter12\kafka_1\libs\slf4j-log4j12-1.7.30.jar;C:\Chapter12\kafka_1\libs\snappy-java-1.1.8.4.jar;C:\Chapter12\kafka_1\libs\trogdor-3.1.0.jar;C:\Chapter12\kafka_1\libs\zookeeper-3.6.3.jar;C:\Chapter12\kafka_1\libs\zookeeper-jute-3.6.3.jar;C:\Chapter12\kafka_1\libs\zstd-jni-1.5.0-4.jar (org.apache.zookeeper.server.ZooKeeperServer)
[2022-03-12 20:53:20,243] INFO Server environment:java.library.path=C:\Program Files\Java\jdk-11.0.12\bin;C:\WINDOWS\Sun\Java\bin;C:\WINDOWS\system32;C:\WINDOWS;C:\gurobi950\win64\bin;C:\Program Files\Java\jdk-17.0.1;C:\Users\computer\AppData\Local\Programs\Python\Python38\Scripts\;C:\Users\computer\AppData\Local\Programs\Python\Python38\;C:\Program Files\MySQL\MySQL Shell 8.0\bin\;C:\Users\computer\AppData\Local\Microsoft\WindowsApps;C:\Users\computer\AppData\Local\atom\bin;C:\Users\computer\AppData\Local\Programs\Microsoft VS Code\bin;C:\Users\computer\AppData\Local\GitHubDesktop\bin;C:\Users\computer\AppData\Roaming\Composer\vendor\bin;C:\Users\computer\AppData\Local\Microsoft\WindowsApps;C:\Users\computer\AppData\Local\Programs\MiKTeX\miktex\bin\x64\;C:\Users\computer\AppData\Roaming\npm;C:\Program Files\Azure Data Studio\bin;C:\Users\computer\.dotnet\tools;C:\Spark\bin;C:\Windows\system32;C:\Program Files (x86)\IVI Foundation\VISA\WinNT\Bin\;C:\Program Files\IVI Foundation\VISA\Win64\Bin\;C:\Program Files (x86)\IVI Foundation\VISA\WinNT\Bin;C:\Program Files\Microsoft SQL Server\150\Tools\Binn\;C:\Program Files\dotnet\;C:\Program Files\Docker\Docker;C:\Program Files\Docker\Docker\resources\bin;C:\Users\computer\AppData\Local\Programs\Python\Python38\;C:\Program Files\MySQL\MySQL Shell 8.0\bin\;C:\Users\computer\AppData\Local\Microsoft\WindowsApps;C:\Users\computer\AppData\Local\atom\bin;C:\Users\computer\AppData\Local\Programs\Microsoft VS Code\bin;C:\Users\computer\AppData\Local\GitHubDesktop\bin;C:\Users\computer\AppData\Roaming\Composer\vendor\bin;C:\Users\computer\AppData\Local\Microsoft\WindowsApps;C:\Users\computer\AppData\Local\Programs\MiKTeX\miktex\bin\x64\;C:\Users\computer\AppData\Roaming\npm;C:\Program Files\Azure Data Studio\bin;C:\Users\computer\.dotnet\tools;C:\Spark\spark-3.0.3-bin-hadoop2.7\bin;C:\Spark\spark-3.0.3-bin-hadoop2.7\bin;C:\winutils\bin;C:\Program Files\Java\jdk-11.0.12\bin;C:\Program Files\heroku\bin;. (org.apache.zookeeper.server.ZooKeeperServer)
[2022-03-12 20:53:20,244] INFO Server environment:java.io.tmpdir=C:\Users\computer\AppData\Local\Temp\ (org.apache.zookeeper.server.ZooKeeperServer)
[2022-03-12 20:53:20,245] INFO Server environment:java.compiler=<NA> (org.apache.zookeeper.server.ZooKeeperServer)
[2022-03-12 20:53:20,245] INFO Server environment:os.name=Windows 10 (org.apache.zookeeper.server.ZooKeeperServer)
[2022-03-12 20:53:20,246] INFO Server environment:os.arch=amd64 (org.apache.zookeeper.server.ZooKeeperServer)
[2022-03-12 20:53:20,247] INFO Server environment:os.version=10.0 (org.apache.zookeeper.server.ZooKeeperServer)
[2022-03-12 20:53:20,249] INFO Server environment:user.name=computer (org.apache.zookeeper.server.ZooKeeperServer)
[2022-03-12 20:53:20,250] INFO Server environment:user.home=C:\Users\computer (org.apache.zookeeper.server.ZooKeeperServer)
[2022-03-12 20:53:20,251] INFO Server environment:user.dir=C:\Chapter12\kafka_1 (org.apache.zookeeper.server.ZooKeeperServer)
[2022-03-12 20:53:20,252] INFO Server environment:os.memory.free=489MB (org.apache.zookeeper.server.ZooKeeperServer)
[2022-03-12 20:53:20,252] INFO Server environment:os.memory.max=512MB (org.apache.zookeeper.server.ZooKeeperServer)
[2022-03-12 20:53:20,253] INFO Server environment:os.memory.total=512MB (org.apache.zookeeper.server.ZooKeeperServer)
[2022-03-12 20:53:20,253] INFO zookeeper.enableEagerACLCheck = false (org.apache.zookeeper.server.ZooKeeperServer)
[2022-03-12 20:53:20,254] INFO zookeeper.digest.enabled = true (org.apache.zookeeper.server.ZooKeeperServer)
[2022-03-12 20:53:20,255] INFO zookeeper.closeSessionTxn.enabled = true (org.apache.zookeeper.server.ZooKeeperServer)
[2022-03-12 20:53:20,256] INFO zookeeper.flushDelay=0 (org.apache.zookeeper.server.ZooKeeperServer)
[2022-03-12 20:53:20,256] INFO zookeeper.maxWriteQueuePollTime=0 (org.apache.zookeeper.server.ZooKeeperServer)
[2022-03-12 20:53:20,257] INFO zookeeper.maxBatchSize=1000 (org.apache.zookeeper.server.ZooKeeperServer)
[2022-03-12 20:53:20,257] INFO zookeeper.intBufferStartingSizeBytes = 1024 (org.apache.zookeeper.server.ZooKeeperServer)
[2022-03-12 20:53:20,259] INFO Weighed connection throttling is disabled (org.apache.zookeeper.server.BlueThrottle)
[2022-03-12 20:53:20,262] INFO minSessionTimeout set to 6000 (org.apache.zookeeper.server.ZooKeeperServer)
[2022-03-12 20:53:20,262] INFO maxSessionTimeout set to 60000 (org.apache.zookeeper.server.ZooKeeperServer)
[2022-03-12 20:53:20,264] INFO Response cache size is initialized with value 400. (org.apache.zookeeper.server.ResponseCache)
[2022-03-12 20:53:20,264] INFO Response cache size is initialized with value 400. (org.apache.zookeeper.server.ResponseCache)
[2022-03-12 20:53:20,266] INFO zookeeper.pathStats.slotCapacity = 60 (org.apache.zookeeper.server.util.RequestPathMetricsCollector)
[2022-03-12 20:53:20,266] INFO zookeeper.pathStats.slotDuration = 15 (org.apache.zookeeper.server.util.RequestPathMetricsCollector)
[2022-03-12 20:53:20,268] INFO zookeeper.pathStats.maxDepth = 6 (org.apache.zookeeper.server.util.RequestPathMetricsCollector)
[2022-03-12 20:53:20,269] INFO zookeeper.pathStats.initialDelay = 5 (org.apache.zookeeper.server.util.RequestPathMetricsCollector)
[2022-03-12 20:53:20,270] INFO zookeeper.pathStats.delay = 5 (org.apache.zookeeper.server.util.RequestPathMetricsCollector)
[2022-03-12 20:53:20,271] INFO zookeeper.pathStats.enabled = false (org.apache.zookeeper.server.util.RequestPathMetricsCollector)
[2022-03-12 20:53:20,276] INFO The max bytes for all large requests are set to 104857600 (org.apache.zookeeper.server.ZooKeeperServer)
[2022-03-12 20:53:20,277] INFO The large request threshold is set to -1 (org.apache.zookeeper.server.ZooKeeperServer)
[2022-03-12 20:53:20,277] INFO Created server with tickTime 3000 minSessionTimeout 6000 maxSessionTimeout 60000 clientPortListenBacklog -1 datadir C:Chapter12datazookeeper_1\version-2 snapdir C:Chapter12datazookeeper_1\version-2 (org.apache.zookeeper.server.ZooKeeperServer)
[2022-03-12 20:53:20,308] INFO Using org.apache.zookeeper.server.NIOServerCnxnFactory as server connection factory (org.apache.zookeeper.server.ServerCnxnFactory)
[2022-03-12 20:53:20,311] WARN maxCnxns is not configured, using default value 0. (org.apache.zookeeper.server.ServerCnxnFactory)
[2022-03-12 20:53:20,313] INFO Configuring NIO connection handler with 10s sessionless connection timeout, 1 selector thread(s), 8 worker threads, and 64 kB direct buffers. (org.apache.zookeeper.server.NIOServerCnxnFactory)
[2022-03-12 20:53:20,317] INFO binding to port 0.0.0.0/0.0.0.0:2181 (org.apache.zookeeper.server.NIOServerCnxnFactory)
[2022-03-12 20:53:20,346] INFO Using org.apache.zookeeper.server.watch.WatchManager as watch manager (org.apache.zookeeper.server.watch.WatchManagerFactory)
[2022-03-12 20:53:20,347] INFO Using org.apache.zookeeper.server.watch.WatchManager as watch manager (org.apache.zookeeper.server.watch.WatchManagerFactory)
[2022-03-12 20:53:20,350] INFO zookeeper.snapshotSizeFactor = 0.33 (org.apache.zookeeper.server.ZKDatabase)
[2022-03-12 20:53:20,350] INFO zookeeper.commitLogCount=500 (org.apache.zookeeper.server.ZKDatabase)
[2022-03-12 20:53:20,360] INFO zookeeper.snapshot.compression.method = CHECKED (org.apache.zookeeper.server.persistence.SnapStream)
[2022-03-12 20:53:20,361] INFO Snapshotting: 0x0 to C:Chapter12datazookeeper_1\version-2\snapshot.0 (org.apache.zookeeper.server.persistence.FileTxnSnapLog)
[2022-03-12 20:53:20,366] INFO Snapshot loaded in 15 ms, highest zxid is 0x0, digest is 1371985504 (org.apache.zookeeper.server.ZKDatabase)
[2022-03-12 20:53:20,367] INFO Snapshotting: 0x0 to C:Chapter12datazookeeper_1\version-2\snapshot.0 (org.apache.zookeeper.server.persistence.FileTxnSnapLog)
[2022-03-12 20:53:20,368] INFO Snapshot taken in 1 ms (org.apache.zookeeper.server.ZooKeeperServer)
[2022-03-12 20:53:20,383] INFO PrepRequestProcessor (sid:0) started, reconfigEnabled=false (org.apache.zookeeper.server.PrepRequestProcessor)
[2022-03-12 20:53:20,384] INFO zookeeper.request_throttler.shutdownTimeout = 10000 (org.apache.zookeeper.server.RequestThrottler)
[2022-03-12 20:53:20,405] INFO Using checkIntervalMs=60000 maxPerMinute=10000 maxNeverUsedIntervalMs=0 (org.apache.zookeeper.server.ContainerManager)
[2022-03-12 20:53:20,407] INFO ZooKeeper audit is disabled. (org.apache.zookeeper.audit.ZKAuditProvider)
